mode: set
github.com/hyperledger-labs/fabric-token-sdk/token/services/nfttx/filter.go:37.79,43.2 1 1
github.com/hyperledger-labs/fabric-token-sdk/token/services/nfttx/filter.go:45.72,46.19 1 1
github.com/hyperledger-labs/fabric-token-sdk/token/services/nfttx/filter.go:46.19,48.3 1 1
github.com/hyperledger-labs/fabric-token-sdk/token/services/nfttx/filter.go:49.2,50.16 2 1
github.com/hyperledger-labs/fabric-token-sdk/token/services/nfttx/filter.go:50.16,52.3 1 1
github.com/hyperledger-labs/fabric-token-sdk/token/services/nfttx/filter.go:54.2,54.17 1 1
github.com/hyperledger-labs/fabric-token-sdk/token/services/nfttx/filter.go:57.97,61.16 4 1
github.com/hyperledger-labs/fabric-token-sdk/token/services/nfttx/filter.go:61.16,63.3 1 1
github.com/hyperledger-labs/fabric-token-sdk/token/services/nfttx/filter.go:65.2,66.16 2 1
github.com/hyperledger-labs/fabric-token-sdk/token/services/nfttx/filter.go:66.16,68.3 1 1
github.com/hyperledger-labs/fabric-token-sdk/token/services/nfttx/filter.go:69.2,76.6 6 1
github.com/hyperledger-labs/fabric-token-sdk/token/services/nfttx/filter.go:76.6,78.17 2 1
github.com/hyperledger-labs/fabric-token-sdk/token/services/nfttx/filter.go:78.17,80.4 1 1
github.com/hyperledger-labs/fabric-token-sdk/token/services/nfttx/filter.go:81.3,81.15 1 1
github.com/hyperledger-labs/fabric-token-sdk/token/services/nfttx/filter.go:81.15,82.9 1 1
github.com/hyperledger-labs/fabric-token-sdk/token/services/nfttx/filter.go:85.3,86.17 2 1
github.com/hyperledger-labs/fabric-token-sdk/token/services/nfttx/filter.go:86.17,88.4 1 0
github.com/hyperledger-labs/fabric-token-sdk/token/services/nfttx/filter.go:91.3,94.27 4 1
github.com/hyperledger-labs/fabric-token-sdk/token/services/nfttx/filter.go:94.27,96.4 1 1
github.com/hyperledger-labs/fabric-token-sdk/token/services/nfttx/filter.go:99.2,99.31 1 1
github.com/hyperledger-labs/fabric-token-sdk/token/services/nfttx/options.go:12.54,14.2 1 1
github.com/hyperledger-labs/fabric-token-sdk/token/services/nfttx/qe.go:39.135,41.16 2 1
github.com/hyperledger-labs/fabric-token-sdk/token/services/nfttx/qe.go:41.16,43.3 1 1
github.com/hyperledger-labs/fabric-token-sdk/token/services/nfttx/qe.go:44.2,54.8 2 0
github.com/hyperledger-labs/fabric-token-sdk/token/services/nfttx/qe.go:57.108,63.16 2 1
github.com/hyperledger-labs/fabric-token-sdk/token/services/nfttx/qe.go:63.16,64.49 1 1
github.com/hyperledger-labs/fabric-token-sdk/token/services/nfttx/qe.go:64.49,66.4 1 0
github.com/hyperledger-labs/fabric-token-sdk/token/services/nfttx/qe.go:68.3,68.46 1 1
github.com/hyperledger-labs/fabric-token-sdk/token/services/nfttx/qe.go:70.2,71.16 2 1
github.com/hyperledger-labs/fabric-token-sdk/token/services/nfttx/qe.go:71.16,73.3 1 1
github.com/hyperledger-labs/fabric-token-sdk/token/services/nfttx/qe.go:74.2,74.27 1 1
github.com/hyperledger-labs/fabric-token-sdk/token/services/nfttx/qe.go:74.27,76.17 2 1
github.com/hyperledger-labs/fabric-token-sdk/token/services/nfttx/qe.go:76.17,78.4 1 1
github.com/hyperledger-labs/fabric-token-sdk/token/services/nfttx/qe.go:79.3,79.53 1 1
github.com/hyperledger-labs/fabric-token-sdk/token/services/nfttx/qe.go:79.53,82.18 2 1
github.com/hyperledger-labs/fabric-token-sdk/token/services/nfttx/qe.go:82.18,84.5 1 1
github.com/hyperledger-labs/fabric-token-sdk/token/services/nfttx/qe.go:85.4,85.63 1 1
github.com/hyperledger-labs/fabric-token-sdk/token/services/nfttx/qe.go:85.63,87.5 1 1
github.com/hyperledger-labs/fabric-token-sdk/token/services/nfttx/qe.go:91.2,91.21 1 1
github.com/hyperledger-labs/fabric-token-sdk/token/services/nfttx/qe.go:99.69,101.16 2 1
github.com/hyperledger-labs/fabric-token-sdk/token/services/nfttx/qe.go:101.16,105.3 2 1
github.com/hyperledger-labs/fabric-token-sdk/token/services/nfttx/qe.go:106.2,109.31 4 1
github.com/hyperledger-labs/fabric-token-sdk/token/services/nfttx/qe.go:109.31,111.3 1 1
github.com/hyperledger-labs/fabric-token-sdk/token/services/nfttx/qe.go:112.2,114.14 2 1
github.com/hyperledger-labs/fabric-token-sdk/token/services/nfttx/recipient.go:15.130,17.2 1 1
github.com/hyperledger-labs/fabric-token-sdk/token/services/nfttx/recipient.go:19.83,21.2 1 1
github.com/hyperledger-labs/fabric-token-sdk/token/services/nfttx/streams.go:24.75,26.2 1 1
github.com/hyperledger-labs/fabric-token-sdk/token/services/nfttx/streams.go:28.68,30.2 1 1
github.com/hyperledger-labs/fabric-token-sdk/token/services/nfttx/streams.go:32.62,34.2 1 1
github.com/hyperledger-labs/fabric-token-sdk/token/services/nfttx/streams.go:36.64,38.2 1 1
github.com/hyperledger-labs/fabric-token-sdk/token/services/nfttx/streams.go:40.68,43.16 3 1
github.com/hyperledger-labs/fabric-token-sdk/token/services/nfttx/streams.go:43.16,45.3 1 0
github.com/hyperledger-labs/fabric-token-sdk/token/services/nfttx/streams.go:46.2,46.61 1 0
github.com/hyperledger-labs/fabric-token-sdk/token/services/nfttx/streams.go:46.61,48.3 1 0
github.com/hyperledger-labs/fabric-token-sdk/token/services/nfttx/streams.go:50.2,50.12 1 0
github.com/hyperledger-labs/fabric-token-sdk/token/services/nfttx/streams.go:53.41,56.37 2 1
github.com/hyperledger-labs/fabric-token-sdk/token/services/nfttx/streams.go:56.37,57.36 1 0
github.com/hyperledger-labs/fabric-token-sdk/token/services/nfttx/streams.go:57.36,59.4 1 0
github.com/hyperledger-labs/fabric-token-sdk/token/services/nfttx/streams.go:62.2,62.12 1 1
github.com/hyperledger-labs/fabric-token-sdk/token/services/nfttx/transaction.go:25.50,26.38 1 1
github.com/hyperledger-labs/fabric-token-sdk/token/services/nfttx/transaction.go:26.38,30.3 2 1
github.com/hyperledger-labs/fabric-token-sdk/token/services/nfttx/transaction.go:37.87,40.27 2 1
github.com/hyperledger-labs/fabric-token-sdk/token/services/nfttx/transaction.go:40.27,42.3 1 1
github.com/hyperledger-labs/fabric-token-sdk/token/services/nfttx/transaction.go:43.2,44.16 2 1
github.com/hyperledger-labs/fabric-token-sdk/token/services/nfttx/transaction.go:44.16,46.3 1 0
github.com/hyperledger-labs/fabric-token-sdk/token/services/nfttx/transaction.go:48.2,48.43 1 0
github.com/hyperledger-labs/fabric-token-sdk/token/services/nfttx/transaction.go:51.45,53.2 1 1
github.com/hyperledger-labs/fabric-token-sdk/token/services/nfttx/transaction.go:55.69,59.16 3 1
github.com/hyperledger-labs/fabric-token-sdk/token/services/nfttx/transaction.go:59.16,61.3 1 0
github.com/hyperledger-labs/fabric-token-sdk/token/services/nfttx/transaction.go:63.2,64.9 2 0
github.com/hyperledger-labs/fabric-token-sdk/token/services/nfttx/transaction.go:64.9,66.3 1 0
github.com/hyperledger-labs/fabric-token-sdk/token/services/nfttx/transaction.go:67.2,69.56 2 0
github.com/hyperledger-labs/fabric-token-sdk/token/services/nfttx/transaction.go:69.56,71.3 1 0
github.com/hyperledger-labs/fabric-token-sdk/token/services/nfttx/transaction.go:73.2,73.45 1 0
github.com/hyperledger-labs/fabric-token-sdk/token/services/nfttx/transaction.go:76.134,79.16 2 1
github.com/hyperledger-labs/fabric-token-sdk/token/services/nfttx/transaction.go:79.16,81.3 1 0
github.com/hyperledger-labs/fabric-token-sdk/token/services/nfttx/transaction.go:83.2,84.16 2 1
github.com/hyperledger-labs/fabric-token-sdk/token/services/nfttx/transaction.go:84.16,86.3 1 1
github.com/hyperledger-labs/fabric-token-sdk/token/services/nfttx/transaction.go:87.2,90.73 2 1
github.com/hyperledger-labs/fabric-token-sdk/token/services/nfttx/transaction.go:93.133,96.16 2 1
github.com/hyperledger-labs/fabric-token-sdk/token/services/nfttx/transaction.go:96.16,98.3 1 1
github.com/hyperledger-labs/fabric-token-sdk/token/services/nfttx/transaction.go:99.2,101.115 2 1
github.com/hyperledger-labs/fabric-token-sdk/token/services/nfttx/transaction.go:104.56,106.16 2 1
github.com/hyperledger-labs/fabric-token-sdk/token/services/nfttx/transaction.go:106.16,108.3 1 0
github.com/hyperledger-labs/fabric-token-sdk/token/services/nfttx/transaction.go:110.2,110.45 1 0
github.com/hyperledger-labs/fabric-token-sdk/token/services/nfttx/transaction.go:113.65,118.23 5 1
github.com/hyperledger-labs/fabric-token-sdk/token/services/nfttx/transaction.go:119.23,122.17 3 1
github.com/hyperledger-labs/fabric-token-sdk/token/services/nfttx/transaction.go:122.17,124.4 1 0
github.com/hyperledger-labs/fabric-token-sdk/token/services/nfttx/transaction.go:125.19,128.27 3 1
github.com/hyperledger-labs/fabric-token-sdk/token/services/nfttx/transaction.go:129.10,130.17 1 1
github.com/hyperledger-labs/fabric-token-sdk/token/services/nfttx/transaction.go:133.2,133.17 1 1
github.com/hyperledger-labs/fabric-token-sdk/token/services/nfttx/uuid.go:17.33,20.16 3 1
github.com/hyperledger-labs/fabric-token-sdk/token/services/nfttx/uuid.go:20.16,21.55 1 1
github.com/hyperledger-labs/fabric-token-sdk/token/services/nfttx/uuid.go:25.2,30.13 3 1
github.com/hyperledger-labs/fabric-token-sdk/token/services/nfttx/uuid.go:34.28,38.2 2 1
github.com/hyperledger-labs/fabric-token-sdk/token/services/nfttx/uuid.go:40.37,42.2 1 1
github.com/hyperledger-labs/fabric-token-sdk/token/services/nfttx/views.go:16.60,18.2 1 1
github.com/hyperledger-labs/fabric-token-sdk/token/services/nfttx/views.go:20.60,22.2 1 1
github.com/hyperledger-labs/fabric-token-sdk/token/services/nfttx/views.go:24.94,26.2 1 1
github.com/hyperledger-labs/fabric-token-sdk/token/services/nfttx/views.go:28.71,30.2 1 1
github.com/hyperledger-labs/fabric-token-sdk/token/services/nfttx/views.go:32.47,34.2 1 1
github.com/hyperledger-labs/fabric-token-sdk/token/services/nfttx/wallet.go:24.106,26.16 2 1
github.com/hyperledger-labs/fabric-token-sdk/token/services/nfttx/wallet.go:26.16,28.3 1 0
github.com/hyperledger-labs/fabric-token-sdk/token/services/nfttx/wallet.go:30.2,30.46 1 0
github.com/hyperledger-labs/fabric-token-sdk/token/services/nfttx/wallet.go:35.61,36.48 1 1
github.com/hyperledger-labs/fabric-token-sdk/token/services/nfttx/wallet.go:36.48,40.3 2 1
github.com/hyperledger-labs/fabric-token-sdk/token/services/nfttx/wallet.go:44.79,46.16 2 1
github.com/hyperledger-labs/fabric-token-sdk/token/services/nfttx/wallet.go:46.16,48.3 1 1
github.com/hyperledger-labs/fabric-token-sdk/token/services/nfttx/wallet.go:49.2,50.16 2 1
github.com/hyperledger-labs/fabric-token-sdk/token/services/nfttx/wallet.go:50.16,52.3 1 0
github.com/hyperledger-labs/fabric-token-sdk/token/services/nfttx/wallet.go:54.2,54.136 1 1
github.com/hyperledger-labs/fabric-token-sdk/token/services/nfttx/wallet.go:59.73,66.16 2 1
github.com/hyperledger-labs/fabric-token-sdk/token/services/nfttx/wallet.go:66.16,68.3 1 0
github.com/hyperledger-labs/fabric-token-sdk/token/services/nfttx/wallet.go:69.2,70.16 2 0
github.com/hyperledger-labs/fabric-token-sdk/token/services/nfttx/wallet.go:70.16,72.3 1 0
github.com/hyperledger-labs/fabric-token-sdk/token/services/nfttx/wallet.go:74.2,74.136 1 0
github.com/hyperledger-labs/fabric-token-sdk/token/services/nfttx/wallet.go:80.91,82.16 2 1
github.com/hyperledger-labs/fabric-token-sdk/token/services/nfttx/wallet.go:82.16,84.3 1 1
github.com/hyperledger-labs/fabric-token-sdk/token/services/nfttx/wallet.go:85.2,86.16 2 1
github.com/hyperledger-labs/fabric-token-sdk/token/services/nfttx/wallet.go:86.16,88.3 1 0
github.com/hyperledger-labs/fabric-token-sdk/token/services/nfttx/wallet.go:90.2,90.136 1 1
github.com/hyperledger-labs/fabric-token-sdk/token/services/nfttx/wallet.go:96.110,98.16 2 1
github.com/hyperledger-labs/fabric-token-sdk/token/services/nfttx/wallet.go:98.16,100.3 1 1
github.com/hyperledger-labs/fabric-token-sdk/token/services/nfttx/wallet.go:101.2,102.16 2 1
github.com/hyperledger-labs/fabric-token-sdk/token/services/nfttx/wallet.go:102.16,104.3 1 0
github.com/hyperledger-labs/fabric-token-sdk/token/services/nfttx/wallet.go:106.2,106.136 1 1
github.com/hyperledger-labs/fabric-token-sdk/token/services/nfttx/wallet.go:110.92,112.16 2 1
github.com/hyperledger-labs/fabric-token-sdk/token/services/nfttx/wallet.go:112.16,114.3 1 1
github.com/hyperledger-labs/fabric-token-sdk/token/services/nfttx/wallet.go:115.2,116.16 2 1
github.com/hyperledger-labs/fabric-token-sdk/token/services/nfttx/wallet.go:116.16,118.3 1 0
github.com/hyperledger-labs/fabric-token-sdk/token/services/nfttx/wallet.go:120.2,120.10 1 1
github.com/hyperledger-labs/fabric-token-sdk/token/services/nfttx/wallet.go:126.104,128.16 2 1
github.com/hyperledger-labs/fabric-token-sdk/token/services/nfttx/wallet.go:128.16,130.3 1 1
github.com/hyperledger-labs/fabric-token-sdk/token/services/nfttx/wallet.go:131.2,132.16 2 1
github.com/hyperledger-labs/fabric-token-sdk/token/services/nfttx/wallet.go:132.16,134.3 1 0
github.com/hyperledger-labs/fabric-token-sdk/token/services/nfttx/wallet.go:136.2,136.10 1 1
github.com/hyperledger-labs/fabric-token-sdk/token/services/nfttx/wallet.go:142.123,144.16 2 1
github.com/hyperledger-labs/fabric-token-sdk/token/services/nfttx/wallet.go:144.16,146.3 1 1
github.com/hyperledger-labs/fabric-token-sdk/token/services/nfttx/wallet.go:147.2,148.16 2 1
github.com/hyperledger-labs/fabric-token-sdk/token/services/nfttx/wallet.go:148.16,150.3 1 0
github.com/hyperledger-labs/fabric-token-sdk/token/services/nfttx/wallet.go:152.2,152.10 1 1
github.com/hyperledger-labs/fabric-token-sdk/token/services/nfttx/wallet.go:156.94,158.16 2 1
github.com/hyperledger-labs/fabric-token-sdk/token/services/nfttx/wallet.go:158.16,160.3 1 1
github.com/hyperledger-labs/fabric-token-sdk/token/services/nfttx/wallet.go:161.2,162.16 2 1
github.com/hyperledger-labs/fabric-token-sdk/token/services/nfttx/wallet.go:162.16,164.3 1 0
github.com/hyperledger-labs/fabric-token-sdk/token/services/nfttx/wallet.go:166.2,166.10 1 1
